{
  "stats": {
    "suites": 1,
    "tests": 4,
    "passes": 4,
    "pending": 0,
    "failures": 0,
    "start": "2024-02-03T19:34:37.214Z",
    "end": "2024-02-03T19:34:39.372Z",
    "duration": 2158,
    "testsRegistered": 4,
    "passPercent": 100,
    "pendingPercent": 0,
    "other": 0,
    "hasOther": false,
    "skipped": 0,
    "hasSkipped": false,
    "passPercentClass": "success",
    "pendingPercentClass": "danger"
  },
  "suites": {
    "uuid": "02225a64-0cd4-41d2-ba5d-aaa89b6ee909",
    "title": "",
    "fullFile": "",
    "file": "",
    "beforeHooks": [],
    "afterHooks": [],
    "tests": [],
    "suites": [
      {
        "uuid": "18c66064-2cf6-4b66-8cb5-594fc959dd9f",
        "title": "Funcionalidade: US003 - API de Cupons",
        "fullFile": "E:\\Particular\\Studies\\Ebac_Local\\Modulo_34_Final_Project\\desenvolvimento\\TCC-EBAC-QE\\API\\automatizacao_joi\\test\\schemas\\coupons\\couponsSchema.js",
        "file": "\\test\\schemas\\coupons\\couponsSchema.js",
        "beforeHooks": [],
        "afterHooks": [],
        "tests": [
          {
            "title": "CT1 - Deve validar o schema da lista de Cupons",
            "fullTitle": "Funcionalidade: US003 - API de Cupons CT1 - Deve validar o schema da lista de Cupons",
            "timedOut": false,
            "duration": 622,
            "state": "passed",
            "speed": "fast",
            "pass": true,
            "fail": false,
            "pending": false,
            "code": "var couponsList = Joi.array().items(Joi.object().keys({\n  id: Joi.number().required(),\n  code: Joi.string().required(),\n  amount: Joi.string().required(),\n  date_created: Joi.string().isoDate().required(),\n  date_created_gmt: Joi.string().isoDate().required(),\n  date_modified: Joi.string().isoDate().required(),\n  date_modified_gmt: Joi.string().isoDate().required(),\n  discount_type: Joi.string().required(),\n  description: Joi.string().required(),\n  date_expires: Joi.string().isoDate().allow(null),\n  date_expires_gmt: Joi.string().isoDate().allow(null),\n  usage_count: Joi.number().required(),\n  individual_use: Joi.boolean().required(),\n  product_ids: Joi.array().required(),\n  excluded_product_ids: Joi.array().required(),\n  usage_limit: Joi.string().allow(null),\n  usage_limit_per_user: Joi.string().allow(null),\n  limit_usage_to_x_items: Joi.string().allow(null),\n  free_shipping: Joi.boolean().required(),\n  product_categories: Joi.array().required(),\n  excluded_product_categories: Joi.array().required(),\n  exclude_sale_items: Joi.boolean().required(),\n  minimum_amount: Joi.string().required(),\n  maximum_amount: Joi.string().required(),\n  email_restrictions: Joi.array().required(),\n  used_by: Joi.array().required(),\n  meta_data: Joi.array().required(),\n  _links: Joi.object().required()\n}));\nrequest.get(\"/coupons\").auth(perfis[0].user, perfis[0].password).set('Accept', 'application/json').expect('Content-Type', 'application/json; charset=UTF-8').expect(200).end(function (err, res) {\n  joiAssert(res.body, couponsList);\n  done(err);\n});",
            "err": {},
            "isRoot": false,
            "uuid": "bc46b239-2c36-4b30-876a-63ef78632b0d",
            "isHook": false,
            "skipped": false
          },
          {
            "title": "CT2 - Deve validar o schema da consulta de um Cupom",
            "fullTitle": "Funcionalidade: US003 - API de Cupons CT2 - Deve validar o schema da consulta de um Cupom",
            "timedOut": false,
            "duration": 345,
            "state": "passed",
            "speed": "fast",
            "pass": true,
            "fail": false,
            "pending": false,
            "code": "var couponsList = Joi.object().keys({\n  id: Joi.number().required(),\n  code: Joi.string().required(),\n  amount: Joi.string().required(),\n  date_created: Joi.string().isoDate().required(),\n  date_created_gmt: Joi.string().isoDate().required(),\n  date_modified: Joi.string().isoDate().required(),\n  date_modified_gmt: Joi.string().isoDate().required(),\n  discount_type: Joi.string().required(),\n  description: Joi.string().required(),\n  date_expires: Joi.string().isoDate().allow(null),\n  date_expires_gmt: Joi.string().isoDate().allow(null),\n  usage_count: Joi.number().required(),\n  individual_use: Joi.boolean().required(),\n  product_ids: Joi.array().required(),\n  excluded_product_ids: Joi.array().required(),\n  usage_limit: Joi.string().allow(null),\n  usage_limit_per_user: Joi.string().allow(null),\n  limit_usage_to_x_items: Joi.string().allow(null),\n  free_shipping: Joi.boolean().required(),\n  product_categories: Joi.array().required(),\n  excluded_product_categories: Joi.array().required(),\n  exclude_sale_items: Joi.boolean().required(),\n  minimum_amount: Joi.string().required(),\n  maximum_amount: Joi.string().required(),\n  email_restrictions: Joi.array().required(),\n  used_by: Joi.array().required(),\n  meta_data: Joi.array().required(),\n  _links: Joi.object().required()\n});\nrequest.get(\"/coupons/5152\").auth(perfis[0].user, perfis[0].password).set('Accept', 'application/json').expect('Content-Type', 'application/json; charset=UTF-8').expect(200).end(function (err, res) {\n  joiAssert(res.body, couponsList);\n  done(err);\n});",
            "err": {},
            "isRoot": false,
            "uuid": "7b045f51-482c-4ff9-9925-64c054350d99",
            "isHook": false,
            "skipped": false
          },
          {
            "title": "CT3 - Deve validar o schema do cadastro de um Cupom",
            "fullTitle": "Funcionalidade: US003 - API de Cupons CT3 - Deve validar o schema do cadastro de um Cupom",
            "timedOut": false,
            "duration": 779,
            "state": "passed",
            "speed": "fast",
            "pass": true,
            "fail": false,
            "pending": false,
            "code": "var couponsList = Joi.object().keys({\n  id: Joi.number().required(),\n  code: Joi.string().required(),\n  amount: Joi.string().required(),\n  date_created: Joi.string().isoDate().required(),\n  date_created_gmt: Joi.string().isoDate().required(),\n  date_modified: Joi.string().isoDate().required(),\n  date_modified_gmt: Joi.string().isoDate().required(),\n  discount_type: Joi.string().required(),\n  description: Joi.string().required(),\n  date_expires: Joi.string().isoDate().allow(null),\n  date_expires_gmt: Joi.string().isoDate().allow(null),\n  usage_count: Joi.number().required(),\n  individual_use: Joi.boolean().required(),\n  product_ids: Joi.array().required(),\n  excluded_product_ids: Joi.array().required(),\n  usage_limit: Joi.string().allow(null),\n  usage_limit_per_user: Joi.string().allow(null),\n  limit_usage_to_x_items: Joi.string().allow(null),\n  free_shipping: Joi.boolean().required(),\n  product_categories: Joi.array().required(),\n  excluded_product_categories: Joi.array().required(),\n  exclude_sale_items: Joi.boolean().required(),\n  minimum_amount: Joi.string().required(),\n  maximum_amount: Joi.string().required(),\n  email_restrictions: Joi.array().required(),\n  used_by: Joi.array().required(),\n  meta_data: Joi.array().required(),\n  _links: Joi.object().required()\n});\nrequest.post(\"/coupons\").auth(perfis[0].user, perfis[0].password).set('Accept', 'application/json').send({\n  \"code\": randomCouponCode,\n  \"amount\": randomAmountCoupon,\n  \"discount_type\": 'fixed_cart',\n  \"description\": 'Cupom Teste'\n}).expect('Content-Type', 'application/json; charset=UTF-8').expect(201).end(function (err, res) {\n  joiAssert(res.body, couponsList);\n  done(err);\n});",
            "err": {},
            "isRoot": false,
            "uuid": "dff21ce0-8d24-447a-8ed7-7fb158d55f95",
            "isHook": false,
            "skipped": false
          },
          {
            "title": "CT4 - Deve validar o schema da alteração de um Cupom",
            "fullTitle": "Funcionalidade: US003 - API de Cupons CT4 - Deve validar o schema da alteração de um Cupom",
            "timedOut": false,
            "duration": 403,
            "state": "passed",
            "speed": "fast",
            "pass": true,
            "fail": false,
            "pending": false,
            "code": "var couponsList = Joi.object().keys({\n  id: Joi.number().required(),\n  code: Joi.string().required(),\n  amount: Joi.string().required(),\n  date_created: Joi.string().isoDate().required(),\n  date_created_gmt: Joi.string().isoDate().required(),\n  date_modified: Joi.string().isoDate().required(),\n  date_modified_gmt: Joi.string().isoDate().required(),\n  discount_type: Joi.string().required(),\n  description: Joi.string().required(),\n  date_expires: Joi.string().isoDate().allow(null),\n  date_expires_gmt: Joi.string().isoDate().allow(null),\n  usage_count: Joi.number().required(),\n  individual_use: Joi.boolean().required(),\n  product_ids: Joi.array().required(),\n  excluded_product_ids: Joi.array().required(),\n  usage_limit: Joi.string().allow(null),\n  usage_limit_per_user: Joi.string().allow(null),\n  limit_usage_to_x_items: Joi.string().allow(null),\n  free_shipping: Joi.boolean().required(),\n  product_categories: Joi.array().required(),\n  excluded_product_categories: Joi.array().required(),\n  exclude_sale_items: Joi.boolean().required(),\n  minimum_amount: Joi.string().required(),\n  maximum_amount: Joi.string().required(),\n  email_restrictions: Joi.array().required(),\n  used_by: Joi.array().required(),\n  meta_data: Joi.array().required(),\n  _links: Joi.object().required()\n});\nrequest.put(\"/coupons/5152\").auth(perfis[0].user, perfis[0].password).set('Accept', 'application/json').send({\n  \"description\": 'Teste Alteração'\n}).expect('Content-Type', 'application/json; charset=UTF-8').expect(200).end(function (err, res) {\n  joiAssert(res.body, couponsList);\n  done(err);\n});",
            "err": {},
            "isRoot": false,
            "uuid": "618f0ffc-891e-42b6-90bf-4611e7dc9c6a",
            "isHook": false,
            "skipped": false
          }
        ],
        "suites": [],
        "passes": [
          "bc46b239-2c36-4b30-876a-63ef78632b0d",
          "7b045f51-482c-4ff9-9925-64c054350d99",
          "dff21ce0-8d24-447a-8ed7-7fb158d55f95",
          "618f0ffc-891e-42b6-90bf-4611e7dc9c6a"
        ],
        "failures": [],
        "pending": [],
        "skipped": [],
        "duration": 2149,
        "root": false,
        "rootEmpty": false,
        "_timeout": 20000
      }
    ],
    "passes": [],
    "failures": [],
    "pending": [],
    "skipped": [],
    "duration": 0,
    "root": true,
    "rootEmpty": true,
    "_timeout": 20000
  },
  "copyrightYear": 2024
}